2019-08-02 14:15:06 INFO  de.dfki.lt.spree.daystream.SmartDataAvroSsplitTokenize$  - Using Stanford with language [de]
2019-08-02 14:15:06 INFO  edu.stanford.nlp.pipeline.StanfordCoreNLP  - Adding annotator tokenize
2019-08-02 14:15:06 INFO  edu.stanford.nlp.pipeline.StanfordCoreNLP  - Adding annotator ssplit
2019-08-02 14:15:06 INFO  edu.stanford.nlp.pipeline.StanfordCoreNLP  - Adding annotator pos
2019-08-02 14:15:12 INFO  edu.stanford.nlp.tagger.maxent.MaxentTagger  - Loading POS tagger from edu/stanford/nlp/models/pos-tagger/german/german-hgc.tagger ... done [6.0 sec].
2019-08-02 14:15:12 INFO  edu.stanford.nlp.pipeline.StanfordCoreNLP  - Adding annotator lemma
2019-08-02 14:15:12 INFO  de.dfki.lt.tap.StanfordDocumentProcessor  - Creating Spree concept mentions from Stanford mentions = [true]
2019-08-02 14:15:12 INFO  de.dfki.lt.spree.daystream.SmartDataAvroSsplitTokenize$  - Reading input from [/home/leonhard/Dokumente/code/dfki/corpora/daystream-corpus/Daystream_curated_documents_2019-05-10_0857.avro]
2019-08-02 14:15:12 INFO  de.dfki.lt.spree.daystream.SmartDataAvroSsplitTokenize$  - Writing output to [/home/leonhard/Dokumente/code/dfki/corpora/daystream-corpus/Daystream_curated_documents_2019-05-10_0857-ssplit-tok-pos.avro]
2019-08-02 14:15:12 INFO  de.dfki.lt.spree.daystream.SmartDataAvroSsplitTokenize$  - Processing document [186406d209fe781a]
2019-08-02 14:15:12 INFO  de.dfki.lt.spree.daystream.SmartDataAvroSsplitTokenize$  - Matched concepts: 15/15
2019-08-02 14:15:12 INFO  de.dfki.lt.spree.daystream.SmartDataAvroSsplitTokenize$  - Processing document [0d158d7d504747db]
2019-08-02 14:15:13 INFO  de.dfki.lt.spree.daystream.SmartDataAvroSsplitTokenize$  - Matched concepts: 5/5
2019-08-02 14:15:13 INFO  de.dfki.lt.spree.daystream.SmartDataAvroSsplitTokenize$  - Processing document [0b8676f9af038dc3]
2019-08-02 14:15:13 INFO  de.dfki.lt.spree.daystream.SmartDataAvroSsplitTokenize$  - Matched concepts: 17/17
2019-08-02 14:15:13 INFO  de.dfki.lt.spree.daystream.SmartDataAvroSsplitTokenize$  - Processing document [158cac83d824be70]
2019-08-02 14:15:13 INFO  de.dfki.lt.spree.daystream.SmartDataAvroSsplitTokenize$  - Matched concepts: 5/5
2019-08-02 14:15:13 INFO  de.dfki.lt.spree.daystream.SmartDataAvroSsplitTokenize$  - Processing document [17a58d3cfc7dd331]
2019-08-02 14:15:13 INFO  de.dfki.lt.spree.daystream.SmartDataAvroSsplitTokenize$  - Matched concepts: 7/7
2019-08-02 14:15:13 INFO  de.dfki.lt.spree.daystream.SmartDataAvroSsplitTokenize$  - Processing document [081a6eaa00a757ad]
2019-08-02 14:15:13 INFO  de.dfki.lt.spree.daystream.SmartDataAvroSsplitTokenize$  - Matched concepts: 6/6
2019-08-02 14:15:13 INFO  de.dfki.lt.spree.daystream.SmartDataAvroSsplitTokenize$  - Processing document [1386baa203f2018c]
2019-08-02 14:15:13 INFO  de.dfki.lt.spree.daystream.SmartDataAvroSsplitTokenize$  - Matched concepts: 1/1
2019-08-02 14:15:13 INFO  de.dfki.lt.spree.daystream.SmartDataAvroSsplitTokenize$  - Processing document [04ddf5b839cd0ab8]
2019-08-02 14:15:13 INFO  de.dfki.lt.spree.daystream.SmartDataAvroSsplitTokenize$  - Matched concepts: 3/3
2019-08-02 14:15:13 INFO  de.dfki.lt.spree.daystream.SmartDataAvroSsplitTokenize$  - Processing document [066c2882248c50a6]
2019-08-02 14:15:13 WARN  de.dfki.lt.spree.daystream.SmartDataAvroSsplitTokenize$  - Couldn't find tokens for concept [Neckarburken/Mosbach] in [RT @huddelbetz: Neckarburken / Mosbach  Ab 1. April ist die B27 wieder dicht  Sanierun]
2019-08-02 14:15:13 INFO  de.dfki.lt.spree.daystream.SmartDataAvroSsplitTokenize$  - Matched concepts: 3/4
2019-08-02 14:15:13 INFO  de.dfki.lt.spree.daystream.SmartDataAvroSsplitTokenize$  - Processing document [140fc75e0868eb24]
2019-08-02 14:15:13 INFO  de.dfki.lt.spree.daystream.SmartDataAvroSsplitTokenize$  - Matched concepts: 3/3
2019-08-02 14:15:13 INFO  de.dfki.lt.spree.daystream.SmartDataAvroSsplitTokenize$  - Processing document [088d0aea1dbb343f]
2019-08-02 14:15:13 INFO  de.dfki.lt.spree.daystream.SmartDataAvroSsplitTokenize$  - Matched concepts: 6/6
2019-08-02 14:15:13 INFO  de.dfki.lt.spree.daystream.SmartDataAvroSsplitTokenize$  - Processing document [115aea329a5392c8]
2019-08-02 14:15:13 INFO  de.dfki.lt.spree.daystream.SmartDataAvroSsplitTokenize$  - Matched concepts: 3/3
2019-08-02 14:15:13 INFO  de.dfki.lt.spree.daystream.SmartDataAvroSsplitTokenize$  - Processing document [17c04678728b7401]
2019-08-02 14:15:13 INFO  de.dfki.lt.spree.daystream.SmartDataAvroSsplitTokenize$  - Matched concepts: 6/6
2019-08-02 14:15:13 INFO  de.dfki.lt.spree.daystream.SmartDataAvroSsplitTokenize$  - Processing document [11d69e78cc62db54]
2019-08-02 14:15:13 INFO  de.dfki.lt.spree.daystream.SmartDataAvroSsplitTokenize$  - Matched concepts: 3/3
2019-08-02 14:15:13 INFO  de.dfki.lt.spree.daystream.SmartDataAvroSsplitTokenize$  - Processing document [181d589f9d9b9600]
2019-08-02 14:15:13 INFO  de.dfki.lt.spree.daystream.SmartDataAvroSsplitTokenize$  - Matched concepts: 6/6
2019-08-02 14:15:13 INFO  de.dfki.lt.spree.daystream.SmartDataAvroSsplitTokenize$  - Processing document [1839a2bcfea13304]
2019-08-02 14:15:14 INFO  de.dfki.lt.spree.daystream.SmartDataAvroSsplitTokenize$  - Matched concepts: 3/3
2019-08-02 14:15:14 INFO  de.dfki.lt.spree.daystream.SmartDataAvroSsplitTokenize$  - Processing document [0956079352700179]
2019-08-02 14:15:14 INFO  de.dfki.lt.spree.daystream.SmartDataAvroSsplitTokenize$  - Matched concepts: 4/4
2019-08-02 14:15:14 INFO  de.dfki.lt.spree.daystream.SmartDataAvroSsplitTokenize$  - Processing document [0b6b1674ae1b0ffe]
2019-08-02 14:15:14 INFO  de.dfki.lt.spree.daystream.SmartDataAvroSsplitTokenize$  - Matched concepts: 4/4
2019-08-02 14:15:14 INFO  de.dfki.lt.spree.daystream.SmartDataAvroSsplitTokenize$  - Processing document [18822745266a7482]
2019-08-02 14:15:14 INFO  de.dfki.lt.spree.daystream.SmartDataAvroSsplitTokenize$  - Matched concepts: 7/7
2019-08-02 14:15:14 INFO  de.dfki.lt.spree.daystream.SmartDataAvroSsplitTokenize$  - Processing document [1926d87e2db47716]
2019-08-02 14:15:14 INFO  de.dfki.lt.spree.daystream.SmartDataAvroSsplitTokenize$  - Matched concepts: 5/5
2019-08-02 14:15:14 INFO  de.dfki.lt.spree.daystream.SmartDataAvroSsplitTokenize$  - Processing document [14a10fa00ef8792f]
2019-08-02 14:15:14 INFO  de.dfki.lt.spree.daystream.SmartDataAvroSsplitTokenize$  - Matched concepts: 8/8
2019-08-02 14:15:14 INFO  de.dfki.lt.spree.daystream.SmartDataAvroSsplitTokenize$  - Processing document [157ebc51708be03e]
2019-08-02 14:15:14 INFO  de.dfki.lt.spree.daystream.SmartDataAvroSsplitTokenize$  - Matched concepts: 3/3
2019-08-02 14:15:14 INFO  de.dfki.lt.spree.daystream.SmartDataAvroSsplitTokenize$  - Processing document [060bf491e770ccf7]
2019-08-02 14:15:14 INFO  de.dfki.lt.spree.daystream.SmartDataAvroSsplitTokenize$  - Matched concepts: 6/6
2019-08-02 14:15:14 INFO  de.dfki.lt.spree.daystream.SmartDataAvroSsplitTokenize$  - Processing document [0179e4acb861f02d]
2019-08-02 14:15:14 INFO  de.dfki.lt.spree.daystream.SmartDataAvroSsplitTokenize$  - Matched concepts: 7/7
2019-08-02 14:15:14 INFO  de.dfki.lt.spree.daystream.SmartDataAvroSsplitTokenize$  - Processing document [0bb8e62cd47d31fb]
2019-08-02 14:15:14 INFO  de.dfki.lt.spree.daystream.SmartDataAvroSsplitTokenize$  - Matched concepts: 4/4
2019-08-02 14:15:14 INFO  de.dfki.lt.spree.daystream.SmartDataAvroSsplitTokenize$  - Processing document [0c2146470b8e94a3]
2019-08-02 14:15:15 INFO  de.dfki.lt.spree.daystream.SmartDataAvroSsplitTokenize$  - Matched concepts: 8/8
2019-08-02 14:15:15 INFO  de.dfki.lt.spree.daystream.SmartDataAvroSsplitTokenize$  - Processing document [032f8aa4bb301e40]
2019-08-02 14:15:15 INFO  de.dfki.lt.spree.daystream.SmartDataAvroSsplitTokenize$  - Matched concepts: 4/4
2019-08-02 14:15:15 INFO  de.dfki.lt.spree.daystream.SmartDataAvroSsplitTokenize$  - Processing document [14703a05c4645994]
2019-08-02 14:15:15 INFO  de.dfki.lt.spree.daystream.SmartDataAvroSsplitTokenize$  - Matched concepts: 4/4
2019-08-02 14:15:15 INFO  de.dfki.lt.spree.daystream.SmartDataAvroSsplitTokenize$  - Processing document [111ad65e4186c2bd]
2019-08-02 14:15:15 INFO  de.dfki.lt.spree.daystream.SmartDataAvroSsplitTokenize$  - Matched concepts: 3/3
2019-08-02 14:15:15 INFO  de.dfki.lt.spree.daystream.SmartDataAvroSsplitTokenize$  - Processing document [0b4ea7ad5e84a4ed]
2019-08-02 14:15:15 INFO  de.dfki.lt.spree.daystream.SmartDataAvroSsplitTokenize$  - Matched concepts: 4/4
2019-08-02 14:15:15 INFO  de.dfki.lt.spree.daystream.SmartDataAvroSsplitTokenize$  - Processing document [0301097f17ba904b]
2019-08-02 14:15:15 INFO  de.dfki.lt.spree.daystream.SmartDataAvroSsplitTokenize$  - Matched concepts: 4/4
2019-08-02 14:15:15 INFO  de.dfki.lt.spree.daystream.SmartDataAvroSsplitTokenize$  - Processing document [0844fbf024e4b3ee]
2019-08-02 14:15:15 INFO  de.dfki.lt.spree.daystream.SmartDataAvroSsplitTokenize$  - Matched concepts: 10/10
2019-08-02 14:15:15 INFO  de.dfki.lt.spree.daystream.SmartDataAvroSsplitTokenize$  - Processing document [00260cbb2e67f315]
2019-08-02 14:15:15 INFO  de.dfki.lt.spree.daystream.SmartDataAvroSsplitTokenize$  - Matched concepts: 8/8
2019-08-02 14:15:15 INFO  de.dfki.lt.spree.daystream.SmartDataAvroSsplitTokenize$  - Processing document [1af87b932957c8a9]
2019-08-02 14:15:15 INFO  de.dfki.lt.spree.daystream.SmartDataAvroSsplitTokenize$  - Matched concepts: 3/3
2019-08-02 14:15:15 INFO  de.dfki.lt.spree.daystream.SmartDataAvroSsplitTokenize$  - Processing document [0b4b441b83f56e8b]
2019-08-02 14:15:15 INFO  de.dfki.lt.spree.daystream.SmartDataAvroSsplitTokenize$  - Matched concepts: 5/5
2019-08-02 14:15:15 INFO  de.dfki.lt.spree.daystream.SmartDataAvroSsplitTokenize$  - Processing document [0f4129bf00917659]
2019-08-02 14:15:15 INFO  de.dfki.lt.spree.daystream.SmartDataAvroSsplitTokenize$  - Matched concepts: 4/4
2019-08-02 14:15:15 INFO  de.dfki.lt.spree.daystream.SmartDataAvroSsplitTokenize$  - Processing document [0e213cf48201c4cc]
2019-08-02 14:15:15 INFO  de.dfki.lt.spree.daystream.SmartDataAvroSsplitTokenize$  - Matched concepts: 3/3
2019-08-02 14:15:15 INFO  de.dfki.lt.spree.daystream.SmartDataAvroSsplitTokenize$  - Processing document [05d636e0433abf32]
2019-08-02 14:15:15 INFO  de.dfki.lt.spree.daystream.SmartDataAvroSsplitTokenize$  - Matched concepts: 6/6
2019-08-02 14:15:15 INFO  de.dfki.lt.spree.daystream.SmartDataAvroSsplitTokenize$  - Processing document [15c801550330eff3]
2019-08-02 14:15:15 INFO  de.dfki.lt.spree.daystream.SmartDataAvroSsplitTokenize$  - Matched concepts: 6/6
2019-08-02 14:15:15 INFO  de.dfki.lt.spree.daystream.SmartDataAvroSsplitTokenize$  - Processing document [097dd65f7e5b93fd]
2019-08-02 14:15:15 INFO  de.dfki.lt.spree.daystream.SmartDataAvroSsplitTokenize$  - Matched concepts: 15/15
2019-08-02 14:15:15 INFO  de.dfki.lt.spree.daystream.SmartDataAvroSsplitTokenize$  - Processing document [18b752ec9646b539]
2019-08-02 14:15:15 INFO  de.dfki.lt.spree.daystream.SmartDataAvroSsplitTokenize$  - Matched concepts: 2/2
2019-08-02 14:15:15 INFO  de.dfki.lt.spree.daystream.SmartDataAvroSsplitTokenize$  - Processing document [04c0847de7b6a21d]
2019-08-02 14:15:15 INFO  de.dfki.lt.spree.daystream.SmartDataAvroSsplitTokenize$  - Matched concepts: 2/2
2019-08-02 14:15:15 INFO  de.dfki.lt.spree.daystream.SmartDataAvroSsplitTokenize$  - Processing document [0225ac017e356a41]
2019-08-02 14:15:15 INFO  de.dfki.lt.spree.daystream.SmartDataAvroSsplitTokenize$  - Matched concepts: 4/4
2019-08-02 14:15:15 INFO  de.dfki.lt.spree.daystream.SmartDataAvroSsplitTokenize$  - Processing document [014c07f3721a607b]
2019-08-02 14:15:15 INFO  de.dfki.lt.spree.daystream.SmartDataAvroSsplitTokenize$  - Matched concepts: 3/3
2019-08-02 14:15:15 INFO  de.dfki.lt.spree.daystream.SmartDataAvroSsplitTokenize$  - Processing document [1817a4db0cc03ed5]
2019-08-02 14:15:16 INFO  de.dfki.lt.spree.daystream.SmartDataAvroSsplitTokenize$  - Matched concepts: 8/8
2019-08-02 14:15:16 INFO  de.dfki.lt.spree.daystream.SmartDataAvroSsplitTokenize$  - Processing document [18062eb892650044]
2019-08-02 14:15:16 INFO  de.dfki.lt.spree.daystream.SmartDataAvroSsplitTokenize$  - Matched concepts: 4/4
2019-08-02 14:15:16 INFO  de.dfki.lt.spree.daystream.SmartDataAvroSsplitTokenize$  - Processing document [0a2a73e0334fcf52]
2019-08-02 14:15:16 INFO  de.dfki.lt.spree.daystream.SmartDataAvroSsplitTokenize$  - Matched concepts: 2/2
2019-08-02 14:15:16 INFO  de.dfki.lt.spree.daystream.SmartDataAvroSsplitTokenize$  - Processing document [094aa9df04c1b994]
2019-08-02 14:15:16 INFO  de.dfki.lt.spree.daystream.SmartDataAvroSsplitTokenize$  - Matched concepts: 10/10
2019-08-02 14:15:16 INFO  de.dfki.lt.spree.daystream.SmartDataAvroSsplitTokenize$  - Processing document [0db1b716c205659d]
2019-08-02 14:15:16 INFO  de.dfki.lt.spree.daystream.SmartDataAvroSsplitTokenize$  - Matched concepts: 5/5
2019-08-02 14:15:16 INFO  de.dfki.lt.spree.daystream.SmartDataAvroSsplitTokenize$  - Processing document [1a08884871ba59e3]
2019-08-02 14:15:16 INFO  de.dfki.lt.spree.daystream.SmartDataAvroSsplitTokenize$  - Matched concepts: 6/6
2019-08-02 14:15:16 INFO  de.dfki.lt.spree.daystream.SmartDataAvroSsplitTokenize$  - Processing document [1b08d05dbbe36649]
2019-08-02 14:15:16 INFO  de.dfki.lt.spree.daystream.SmartDataAvroSsplitTokenize$  - Matched concepts: 3/3
2019-08-02 14:15:16 INFO  de.dfki.lt.spree.daystream.SmartDataAvroSsplitTokenize$  - Processing document [04de4e43183a5232]
2019-08-02 14:15:16 INFO  de.dfki.lt.spree.daystream.SmartDataAvroSsplitTokenize$  - Matched concepts: 7/7
2019-08-02 14:15:16 INFO  de.dfki.lt.spree.daystream.SmartDataAvroSsplitTokenize$  - Processing document [15d8eea38a5b8d0c]
2019-08-02 14:15:16 INFO  de.dfki.lt.spree.daystream.SmartDataAvroSsplitTokenize$  - Matched concepts: 6/6
2019-08-02 14:15:16 INFO  de.dfki.lt.spree.daystream.SmartDataAvroSsplitTokenize$  - Processing document [18154ef186254770]
2019-08-02 14:15:16 INFO  de.dfki.lt.spree.daystream.SmartDataAvroSsplitTokenize$  - Matched concepts: 11/11
2019-08-02 14:15:16 INFO  de.dfki.lt.spree.daystream.SmartDataAvroSsplitTokenize$  - Processing document [07a142afdf617ec3]
2019-08-02 14:15:16 INFO  de.dfki.lt.spree.daystream.SmartDataAvroSsplitTokenize$  - Matched concepts: 4/4
2019-08-02 14:15:16 INFO  de.dfki.lt.spree.daystream.SmartDataAvroSsplitTokenize$  - Processing document [1123fd5c9418095f]
2019-08-02 14:15:16 INFO  de.dfki.lt.spree.daystream.SmartDataAvroSsplitTokenize$  - Matched concepts: 7/7
2019-08-02 14:15:16 INFO  de.dfki.lt.spree.daystream.SmartDataAvroSsplitTokenize$  - Processing document [14ffd1be5a67e323]
2019-08-02 14:15:17 INFO  de.dfki.lt.spree.daystream.SmartDataAvroSsplitTokenize$  - Matched concepts: 4/4
2019-08-02 14:15:17 INFO  de.dfki.lt.spree.daystream.SmartDataAvroSsplitTokenize$  - Processing document [0f3f3a37738381ed]
2019-08-02 14:15:17 INFO  de.dfki.lt.spree.daystream.SmartDataAvroSsplitTokenize$  - Matched concepts: 8/8
2019-08-02 14:15:17 INFO  de.dfki.lt.spree.daystream.SmartDataAvroSsplitTokenize$  - Processing document [078d03c4443c44f8]
2019-08-02 14:15:17 INFO  de.dfki.lt.spree.daystream.SmartDataAvroSsplitTokenize$  - Matched concepts: 3/3
2019-08-02 14:15:17 INFO  de.dfki.lt.spree.daystream.SmartDataAvroSsplitTokenize$  - Processing document [067b422e36fba4b1]
2019-08-02 14:15:17 INFO  de.dfki.lt.spree.daystream.SmartDataAvroSsplitTokenize$  - Matched concepts: 10/10
2019-08-02 14:15:17 INFO  de.dfki.lt.spree.daystream.SmartDataAvroSsplitTokenize$  - Processing document [0d3f6756dae5b402]
2019-08-02 14:15:17 INFO  de.dfki.lt.spree.daystream.SmartDataAvroSsplitTokenize$  - Matched concepts: 2/2
2019-08-02 14:15:17 INFO  de.dfki.lt.spree.daystream.SmartDataAvroSsplitTokenize$  - Processing document [103a1094a6ec7245]
2019-08-02 14:15:17 INFO  de.dfki.lt.spree.daystream.SmartDataAvroSsplitTokenize$  - Matched concepts: 3/3
2019-08-02 14:15:17 INFO  de.dfki.lt.spree.daystream.SmartDataAvroSsplitTokenize$  - Processing document [139933df8bb171ec]
2019-08-02 14:15:17 WARN  de.dfki.lt.spree.daystream.SmartDataAvroSsplitTokenize$  - Couldn't find tokens for concept [Mittwoch/Donnerstag] in [ Fahrzeiten (betrifft S 8 und S 9) in den Nächten Mittwoch / Donnerstag, 27. / 28. Februar bis Dienstag / Mittwoch, 19.]
2019-08-02 14:15:17 WARN  de.dfki.lt.spree.daystream.SmartDataAvroSsplitTokenize$  - Couldn't find tokens for concept [Dienstag/Mittwoch] in [hten Mittwoch / Donnerstag, 27. / 28. Februar bis Dienstag / Mittwoch, 19. / 20. März, jeweils 19.00 – 2.30 Uhr Meldu]
2019-08-02 14:15:17 INFO  de.dfki.lt.spree.daystream.SmartDataAvroSsplitTokenize$  - Matched concepts: 51/53
2019-08-02 14:15:17 INFO  de.dfki.lt.spree.daystream.SmartDataAvroSsplitTokenize$  - Processing document [1430646080cd2e1c]
2019-08-02 14:15:17 INFO  de.dfki.lt.spree.daystream.SmartDataAvroSsplitTokenize$  - Matched concepts: 7/7
2019-08-02 14:15:17 INFO  de.dfki.lt.spree.daystream.SmartDataAvroSsplitTokenize$  - Processing document [123bb261ea228b05]
2019-08-02 14:15:17 INFO  de.dfki.lt.spree.daystream.SmartDataAvroSsplitTokenize$  - Matched concepts: 4/4
2019-08-02 14:15:17 INFO  de.dfki.lt.spree.daystream.SmartDataAvroSsplitTokenize$  - Processing document [16ea8d4efbba41b3]
2019-08-02 14:15:17 INFO  de.dfki.lt.spree.daystream.SmartDataAvroSsplitTokenize$  - Matched concepts: 7/7
2019-08-02 14:15:17 INFO  de.dfki.lt.spree.daystream.SmartDataAvroSsplitTokenize$  - Processing document [1099226dc6a3842a]
2019-08-02 14:15:17 INFO  de.dfki.lt.spree.daystream.SmartDataAvroSsplitTokenize$  - Matched concepts: 11/11
2019-08-02 14:15:17 INFO  de.dfki.lt.spree.daystream.SmartDataAvroSsplitTokenize$  - Processing document [124c4040318c766d]
2019-08-02 14:15:17 INFO  de.dfki.lt.spree.daystream.SmartDataAvroSsplitTokenize$  - Matched concepts: 2/2
2019-08-02 14:15:17 INFO  de.dfki.lt.spree.daystream.SmartDataAvroSsplitTokenize$  - Processing document [1a9815a2b05634dc]
2019-08-02 14:15:17 INFO  de.dfki.lt.spree.daystream.SmartDataAvroSsplitTokenize$  - Matched concepts: 6/6
2019-08-02 14:15:17 INFO  de.dfki.lt.spree.daystream.SmartDataAvroSsplitTokenize$  - Processing document [1b0e0efc0a738f58]
2019-08-02 14:15:18 INFO  de.dfki.lt.spree.daystream.SmartDataAvroSsplitTokenize$  - Matched concepts: 10/10
2019-08-02 14:15:18 INFO  de.dfki.lt.spree.daystream.SmartDataAvroSsplitTokenize$  - Processing document [1091df5bc0e7e83a]
2019-08-02 14:15:18 INFO  de.dfki.lt.spree.daystream.SmartDataAvroSsplitTokenize$  - Matched concepts: 3/3
2019-08-02 14:15:18 INFO  de.dfki.lt.spree.daystream.SmartDataAvroSsplitTokenize$  - Processing document [10be9db5963bf804]
2019-08-02 14:15:18 INFO  de.dfki.lt.spree.daystream.SmartDataAvroSsplitTokenize$  - Matched concepts: 2/2
2019-08-02 14:15:18 INFO  de.dfki.lt.spree.daystream.SmartDataAvroSsplitTokenize$  - Processing document [1847dbf83dbcc2fd]
2019-08-02 14:15:18 INFO  de.dfki.lt.spree.daystream.SmartDataAvroSsplitTokenize$  - Matched concepts: 9/9
2019-08-02 14:15:18 INFO  de.dfki.lt.spree.daystream.SmartDataAvroSsplitTokenize$  - Processing document [131fce6fa20f986c]
2019-08-02 14:15:18 INFO  de.dfki.lt.spree.daystream.SmartDataAvroSsplitTokenize$  - Matched concepts: 4/4
2019-08-02 14:15:18 INFO  de.dfki.lt.spree.daystream.SmartDataAvroSsplitTokenize$  - Processing document [17836c2f6d39e92a]
2019-08-02 14:15:18 INFO  de.dfki.lt.spree.daystream.SmartDataAvroSsplitTokenize$  - Matched concepts: 1/1
2019-08-02 14:15:18 INFO  de.dfki.lt.spree.daystream.SmartDataAvroSsplitTokenize$  - Processing document [059736237897c05c]
2019-08-02 14:15:18 INFO  de.dfki.lt.spree.daystream.SmartDataAvroSsplitTokenize$  - Matched concepts: 7/7
2019-08-02 14:15:18 INFO  de.dfki.lt.spree.daystream.SmartDataAvroSsplitTokenize$  - Processing document [18b944bd039170fd]
2019-08-02 14:15:18 INFO  de.dfki.lt.spree.daystream.SmartDataAvroSsplitTokenize$  - Matched concepts: 5/5
2019-08-02 14:15:18 INFO  de.dfki.lt.spree.daystream.SmartDataAvroSsplitTokenize$  - Processing document [0fa652adb6ec6ea8]
2019-08-02 14:15:18 WARN  de.dfki.lt.spree.daystream.SmartDataAvroSsplitTokenize$  - Couldn't find tokens for concept [Germering-Unterpfaffenhofen/Gilching-Argelsried] in [RT @streckenagent_M: S 8 München Ost - Germering-Unterpfaffenhofen / Gilching-Argelsried: Ausfall der S-Bahnen des 10 - Minuten - Takts ]
2019-08-02 14:15:18 INFO  de.dfki.lt.spree.daystream.SmartDataAvroSsplitTokenize$  - Matched concepts: 4/5
2019-08-02 14:15:18 INFO  de.dfki.lt.spree.daystream.SmartDataAvroSsplitTokenize$  - Processing document [16568d657bbe1592]
2019-08-02 14:15:18 INFO  de.dfki.lt.spree.daystream.SmartDataAvroSsplitTokenize$  - Matched concepts: 6/6
2019-08-02 14:15:18 INFO  de.dfki.lt.spree.daystream.SmartDataAvroSsplitTokenize$  - Processing document [1384052e75d42b6c]
2019-08-02 14:15:18 INFO  de.dfki.lt.spree.daystream.SmartDataAvroSsplitTokenize$  - Matched concepts: 4/4
2019-08-02 14:15:18 INFO  de.dfki.lt.spree.daystream.SmartDataAvroSsplitTokenize$  - Processing document [0ffdbcd719ff8681]
2019-08-02 14:15:18 INFO  de.dfki.lt.spree.daystream.SmartDataAvroSsplitTokenize$  - Matched concepts: 3/3
2019-08-02 14:15:18 INFO  de.dfki.lt.spree.daystream.SmartDataAvroSsplitTokenize$  - Processing document [097169b0fe0411cd]
2019-08-02 14:15:18 INFO  de.dfki.lt.spree.daystream.SmartDataAvroSsplitTokenize$  - Matched concepts: 5/5
2019-08-02 14:15:18 INFO  de.dfki.lt.spree.daystream.SmartDataAvroSsplitTokenize$  - Processing document [15198f1f1f032b41]
2019-08-02 14:15:18 INFO  de.dfki.lt.spree.daystream.SmartDataAvroSsplitTokenize$  - Matched concepts: 3/3
2019-08-02 14:15:18 INFO  de.dfki.lt.spree.daystream.SmartDataAvroSsplitTokenize$  - Processing document [13f3ca1a0dedb2c4]
2019-08-02 14:15:18 INFO  de.dfki.lt.spree.daystream.SmartDataAvroSsplitTokenize$  - Matched concepts: 2/2
2019-08-02 14:15:18 INFO  de.dfki.lt.spree.daystream.SmartDataAvroSsplitTokenize$  - Processing document [19f6997ca4956b50]
2019-08-02 14:15:19 INFO  de.dfki.lt.spree.daystream.SmartDataAvroSsplitTokenize$  - Matched concepts: 11/11
2019-08-02 14:15:19 INFO  de.dfki.lt.spree.daystream.SmartDataAvroSsplitTokenize$  - Processing document [18ef5cb62e5a54bc]
2019-08-02 14:15:19 INFO  de.dfki.lt.spree.daystream.SmartDataAvroSsplitTokenize$  - Matched concepts: 2/2
2019-08-02 14:15:19 INFO  de.dfki.lt.spree.daystream.SmartDataAvroSsplitTokenize$  - Processing document [0842a9e616f9ffc3]
2019-08-02 14:15:19 INFO  de.dfki.lt.spree.daystream.SmartDataAvroSsplitTokenize$  - Matched concepts: 6/6
2019-08-02 14:15:19 INFO  de.dfki.lt.spree.daystream.SmartDataAvroSsplitTokenize$  - Processing document [115878f92b279ca4]
2019-08-02 14:15:19 INFO  de.dfki.lt.spree.daystream.SmartDataAvroSsplitTokenize$  - Matched concepts: 6/6
2019-08-02 14:15:19 INFO  de.dfki.lt.spree.daystream.SmartDataAvroSsplitTokenize$  - Processing document [0ab4fe9d33d4244b]
2019-08-02 14:15:19 INFO  de.dfki.lt.spree.daystream.SmartDataAvroSsplitTokenize$  - Matched concepts: 5/5
2019-08-02 14:15:19 INFO  de.dfki.lt.spree.daystream.SmartDataAvroSsplitTokenize$  - Processing document [0aa5d1e502b210a9]
2019-08-02 14:15:19 INFO  de.dfki.lt.spree.daystream.SmartDataAvroSsplitTokenize$  - Matched concepts: 10/10
2019-08-02 14:15:19 INFO  de.dfki.lt.spree.daystream.SmartDataAvroSsplitTokenize$  - Processing document [090e823873fd7d8c]
2019-08-02 14:15:19 INFO  de.dfki.lt.spree.daystream.SmartDataAvroSsplitTokenize$  - Matched concepts: 6/6
2019-08-02 14:15:19 INFO  de.dfki.lt.spree.daystream.SmartDataAvroSsplitTokenize$  - Processing document [001dd7909d884e17]
2019-08-02 14:15:19 INFO  de.dfki.lt.spree.daystream.SmartDataAvroSsplitTokenize$  - Matched concepts: 8/8
2019-08-02 14:15:19 INFO  de.dfki.lt.spree.daystream.SmartDataAvroSsplitTokenize$  - Processing document [07d9574ce8ce1b19]
2019-08-02 14:15:19 INFO  de.dfki.lt.spree.daystream.SmartDataAvroSsplitTokenize$  - Matched concepts: 4/4
2019-08-02 14:15:19 INFO  de.dfki.lt.spree.daystream.SmartDataAvroSsplitTokenize$  - Processing document [00284fdea6faeb0e]
2019-08-02 14:15:19 INFO  de.dfki.lt.spree.daystream.SmartDataAvroSsplitTokenize$  - Matched concepts: 12/12
2019-08-02 14:15:19 INFO  de.dfki.lt.spree.daystream.SmartDataAvroSsplitTokenize$  - Processing document [17798608aa9059ee]
2019-08-02 14:15:19 INFO  de.dfki.lt.spree.daystream.SmartDataAvroSsplitTokenize$  - Matched concepts: 4/4
2019-08-02 14:15:19 INFO  de.dfki.lt.spree.daystream.SmartDataAvroSsplitTokenize$  - Processing document [13995626510c3a42]
2019-08-02 14:15:19 INFO  de.dfki.lt.spree.daystream.SmartDataAvroSsplitTokenize$  - Matched concepts: 4/4
2019-08-02 14:15:19 INFO  de.dfki.lt.spree.daystream.SmartDataAvroSsplitTokenize$  - Processing document [1857cdb3e5b4fbba]
2019-08-02 14:15:19 INFO  de.dfki.lt.spree.daystream.SmartDataAvroSsplitTokenize$  - Matched concepts: 5/5
2019-08-02 14:15:19 INFO  de.dfki.lt.spree.daystream.SmartDataAvroSsplitTokenize$  - Processing document [04a45c24253153e9]
2019-08-02 14:15:19 INFO  de.dfki.lt.spree.daystream.SmartDataAvroSsplitTokenize$  - Matched concepts: 5/5
2019-08-02 14:15:19 INFO  de.dfki.lt.spree.daystream.SmartDataAvroSsplitTokenize$  - Processing document [093ef305f964feed]
2019-08-02 14:15:20 INFO  de.dfki.lt.spree.daystream.SmartDataAvroSsplitTokenize$  - Matched concepts: 82/82
2019-08-02 14:15:20 INFO  de.dfki.lt.spree.daystream.SmartDataAvroSsplitTokenize$  - Processing document [0d2900bcb7000a07]
2019-08-02 14:15:20 INFO  de.dfki.lt.spree.daystream.SmartDataAvroSsplitTokenize$  - Matched concepts: 15/15
2019-08-02 14:15:20 INFO  de.dfki.lt.spree.daystream.SmartDataAvroSsplitTokenize$  - Processing document [05ebb8cb74512c74]
2019-08-02 14:15:20 INFO  de.dfki.lt.spree.daystream.SmartDataAvroSsplitTokenize$  - Matched concepts: 16/16
2019-08-02 14:15:20 INFO  de.dfki.lt.spree.daystream.SmartDataAvroSsplitTokenize$  - Processing document [13c091008e22a97c]
2019-08-02 14:15:20 INFO  de.dfki.lt.spree.daystream.SmartDataAvroSsplitTokenize$  - Matched concepts: 4/4
2019-08-02 14:15:20 INFO  de.dfki.lt.spree.daystream.SmartDataAvroSsplitTokenize$  - Processing document [0ebc569d411e5370]
2019-08-02 14:15:20 INFO  de.dfki.lt.spree.daystream.SmartDataAvroSsplitTokenize$  - Matched concepts: 5/5
2019-08-02 14:15:20 INFO  de.dfki.lt.spree.daystream.SmartDataAvroSsplitTokenize$  - Processing document [16cc4fefcf9f4cef]
2019-08-02 14:15:20 INFO  de.dfki.lt.spree.daystream.SmartDataAvroSsplitTokenize$  - Matched concepts: 2/2
2019-08-02 14:15:20 INFO  de.dfki.lt.spree.daystream.SmartDataAvroSsplitTokenize$  - Processing document [17a10808d915f7b6]
2019-08-02 14:15:20 INFO  de.dfki.lt.spree.daystream.SmartDataAvroSsplitTokenize$  - Matched concepts: 5/5
2019-08-02 14:15:20 INFO  de.dfki.lt.spree.daystream.SmartDataAvroSsplitTokenize$  - Processing document [01616f401c5db3ad]
2019-08-02 14:15:20 INFO  de.dfki.lt.spree.daystream.SmartDataAvroSsplitTokenize$  - Matched concepts: 1/1
2019-08-02 14:15:20 INFO  de.dfki.lt.spree.daystream.SmartDataAvroSsplitTokenize$  - Processing document [08ceb52c5ed2a0c6]
2019-08-02 14:15:20 INFO  de.dfki.lt.spree.daystream.SmartDataAvroSsplitTokenize$  - Matched concepts: 5/5
2019-08-02 14:15:20 INFO  de.dfki.lt.spree.daystream.SmartDataAvroSsplitTokenize$  - Processing document [117c29d5020bfc81]
2019-08-02 14:15:20 INFO  de.dfki.lt.spree.daystream.SmartDataAvroSsplitTokenize$  - Matched concepts: 2/2
2019-08-02 14:15:20 INFO  de.dfki.lt.spree.daystream.SmartDataAvroSsplitTokenize$  - Processing document [033d66a444181936]
2019-08-02 14:15:20 INFO  de.dfki.lt.spree.daystream.SmartDataAvroSsplitTokenize$  - Matched concepts: 10/10
2019-08-02 14:15:20 INFO  de.dfki.lt.spree.daystream.SmartDataAvroSsplitTokenize$  - Processing document [04b99d7599a2cb92]
2019-08-02 14:15:20 INFO  de.dfki.lt.spree.daystream.SmartDataAvroSsplitTokenize$  - Matched concepts: 9/9
2019-08-02 14:15:20 INFO  de.dfki.lt.spree.daystream.SmartDataAvroSsplitTokenize$  - Processing document [017a21c23f6a7432]
2019-08-02 14:15:20 INFO  de.dfki.lt.spree.daystream.SmartDataAvroSsplitTokenize$  - Matched concepts: 7/7
2019-08-02 14:15:20 INFO  de.dfki.lt.spree.daystream.SmartDataAvroSsplitTokenize$  - Processing document [19c54ad6eb778d6e]
2019-08-02 14:15:20 INFO  de.dfki.lt.spree.daystream.SmartDataAvroSsplitTokenize$  - Matched concepts: 3/3
2019-08-02 14:15:20 INFO  de.dfki.lt.spree.daystream.SmartDataAvroSsplitTokenize$  - Processing document [13ec79f0a346f2db]
2019-08-02 14:15:20 INFO  de.dfki.lt.spree.daystream.SmartDataAvroSsplitTokenize$  - Matched concepts: 3/3
2019-08-02 14:15:20 INFO  de.dfki.lt.spree.daystream.SmartDataAvroSsplitTokenize$  - Processing document [171b41862427a4f0]
2019-08-02 14:15:21 INFO  de.dfki.lt.spree.daystream.SmartDataAvroSsplitTokenize$  - Matched concepts: 39/39
2019-08-02 14:15:21 INFO  de.dfki.lt.spree.daystream.SmartDataAvroSsplitTokenize$  - Processing document [03200ed8efcb76d1]
2019-08-02 14:15:21 INFO  de.dfki.lt.spree.daystream.SmartDataAvroSsplitTokenize$  - Matched concepts: 4/4
2019-08-02 14:15:21 INFO  de.dfki.lt.spree.daystream.SmartDataAvroSsplitTokenize$  - Processing document [140cb8f66a03ca38]
2019-08-02 14:15:21 INFO  de.dfki.lt.spree.daystream.SmartDataAvroSsplitTokenize$  - Matched concepts: 2/2
2019-08-02 14:15:21 INFO  de.dfki.lt.spree.daystream.SmartDataAvroSsplitTokenize$  - Processing document [0eec2c72b8ad461c]
2019-08-02 14:15:21 INFO  de.dfki.lt.spree.daystream.SmartDataAvroSsplitTokenize$  - Matched concepts: 5/5
2019-08-02 14:15:21 INFO  de.dfki.lt.spree.daystream.SmartDataAvroSsplitTokenize$  - Processing document [09301b10e5b1a6ac]
2019-08-02 14:15:21 INFO  de.dfki.lt.spree.daystream.SmartDataAvroSsplitTokenize$  - Matched concepts: 11/11
2019-08-02 14:15:21 INFO  de.dfki.lt.spree.daystream.SmartDataAvroSsplitTokenize$  - Processing document [170befd9ea2a61e7]
2019-08-02 14:15:21 INFO  de.dfki.lt.spree.daystream.SmartDataAvroSsplitTokenize$  - Matched concepts: 6/6
2019-08-02 14:15:21 INFO  de.dfki.lt.spree.daystream.SmartDataAvroSsplitTokenize$  - Processing document [075987312e494d8d]
2019-08-02 14:15:22 INFO  de.dfki.lt.spree.daystream.SmartDataAvroSsplitTokenize$  - Matched concepts: 18/18
2019-08-02 14:15:22 INFO  de.dfki.lt.spree.daystream.SmartDataAvroSsplitTokenize$  - Processing document [0cdd3f3fa57fbc7f]
2019-08-02 14:15:22 INFO  de.dfki.lt.spree.daystream.SmartDataAvroSsplitTokenize$  - Matched concepts: 1/1
2019-08-02 14:15:22 INFO  de.dfki.lt.spree.daystream.SmartDataAvroSsplitTokenize$  - Processing document [147cdfdbb23db73d]
2019-08-02 14:15:22 INFO  de.dfki.lt.spree.daystream.SmartDataAvroSsplitTokenize$  - Matched concepts: 1/1
2019-08-02 14:15:22 INFO  de.dfki.lt.spree.daystream.SmartDataAvroSsplitTokenize$  - Processing document [05ae75da4b791101]
2019-08-02 14:15:22 INFO  de.dfki.lt.spree.daystream.SmartDataAvroSsplitTokenize$  - Matched concepts: 3/3
2019-08-02 14:15:22 INFO  de.dfki.lt.spree.daystream.SmartDataAvroSsplitTokenize$  - Processing document [19bafcc2b0798d95]
2019-08-02 14:15:22 INFO  de.dfki.lt.spree.daystream.SmartDataAvroSsplitTokenize$  - Matched concepts: 15/15
2019-08-02 14:15:22 INFO  de.dfki.lt.spree.daystream.SmartDataAvroSsplitTokenize$  - Processing document [19d0dd433142eebd]
2019-08-02 14:15:22 INFO  de.dfki.lt.spree.daystream.SmartDataAvroSsplitTokenize$  - Matched concepts: 2/2
2019-08-02 14:15:22 INFO  de.dfki.lt.spree.daystream.SmartDataAvroSsplitTokenize$  - Processing document [00ebe1090d0fd697]
2019-08-02 14:15:22 INFO  de.dfki.lt.spree.daystream.SmartDataAvroSsplitTokenize$  - Matched concepts: 4/4
2019-08-02 14:15:22 INFO  de.dfki.lt.spree.daystream.SmartDataAvroSsplitTokenize$  - Processing document [07ccd7225e2a147f]
2019-08-02 14:15:22 INFO  de.dfki.lt.spree.daystream.SmartDataAvroSsplitTokenize$  - Matched concepts: 2/2
2019-08-02 14:15:22 INFO  de.dfki.lt.spree.daystream.SmartDataAvroSsplitTokenize$  - Processing document [03bbc9b627a22b16]
2019-08-02 14:15:22 INFO  de.dfki.lt.spree.daystream.SmartDataAvroSsplitTokenize$  - Matched concepts: 9/9
2019-08-02 14:15:22 INFO  de.dfki.lt.spree.daystream.SmartDataAvroSsplitTokenize$  - Processing document [0d939f6f82d562a9]
2019-08-02 14:15:22 INFO  de.dfki.lt.spree.daystream.SmartDataAvroSsplitTokenize$  - Matched concepts: 4/4
2019-08-02 14:15:22 INFO  de.dfki.lt.spree.daystream.SmartDataAvroSsplitTokenize$  - Processing document [1708e9e116fc5bee]
2019-08-02 14:15:22 INFO  de.dfki.lt.spree.daystream.SmartDataAvroSsplitTokenize$  - Matched concepts: 2/2
2019-08-02 14:15:22 INFO  de.dfki.lt.spree.daystream.SmartDataAvroSsplitTokenize$  - Processing document [085ea1c8d7a8ce34]
2019-08-02 14:15:22 INFO  de.dfki.lt.spree.daystream.SmartDataAvroSsplitTokenize$  - Matched concepts: 9/9
2019-08-02 14:15:22 INFO  de.dfki.lt.spree.daystream.SmartDataAvroSsplitTokenize$  - Processing document [00b5674ecb1aeca1]
2019-08-02 14:15:22 INFO  de.dfki.lt.spree.daystream.SmartDataAvroSsplitTokenize$  - Matched concepts: 5/5
2019-08-02 14:15:22 INFO  de.dfki.lt.spree.daystream.SmartDataAvroSsplitTokenize$  - Processing document [00a69e95b2c32735]
2019-08-02 14:15:22 INFO  de.dfki.lt.spree.daystream.SmartDataAvroSsplitTokenize$  - Matched concepts: 9/9
2019-08-02 14:15:22 INFO  de.dfki.lt.spree.daystream.SmartDataAvroSsplitTokenize$  - Processing document [0edc690367d40547]
2019-08-02 14:15:22 INFO  de.dfki.lt.spree.daystream.SmartDataAvroSsplitTokenize$  - Matched concepts: 8/8
2019-08-02 14:15:22 INFO  de.dfki.lt.spree.daystream.SmartDataAvroSsplitTokenize$  - Processing document [1a64f6b5f9058c06]
2019-08-02 14:15:22 INFO  de.dfki.lt.spree.daystream.SmartDataAvroSsplitTokenize$  - Matched concepts: 1/1
2019-08-02 14:15:22 INFO  de.dfki.lt.spree.daystream.SmartDataAvroSsplitTokenize$  - Processing document [1469006447b87a58]
2019-08-02 14:15:22 INFO  de.dfki.lt.spree.daystream.SmartDataAvroSsplitTokenize$  - Matched concepts: 4/4
2019-08-02 14:15:22 INFO  de.dfki.lt.spree.daystream.SmartDataAvroSsplitTokenize$  - Processing document [123d5bd79cf4f63e]
2019-08-02 14:15:22 INFO  de.dfki.lt.spree.daystream.SmartDataAvroSsplitTokenize$  - Matched concepts: 5/5
2019-08-02 14:15:22 INFO  de.dfki.lt.spree.daystream.SmartDataAvroSsplitTokenize$  - Processing document [1a90ad27597d0846]
2019-08-02 14:15:22 INFO  de.dfki.lt.spree.daystream.SmartDataAvroSsplitTokenize$  - Matched concepts: 3/3
2019-08-02 14:15:22 INFO  de.dfki.lt.spree.daystream.SmartDataAvroSsplitTokenize$  - Processing document [0b4778704ffafdf2]
2019-08-02 14:15:22 INFO  de.dfki.lt.spree.daystream.SmartDataAvroSsplitTokenize$  - Matched concepts: 6/6
2019-08-02 14:15:22 INFO  de.dfki.lt.spree.daystream.SmartDataAvroSsplitTokenize$  - Processing document [05eb4654d5ec8b80]
2019-08-02 14:15:23 INFO  de.dfki.lt.spree.daystream.SmartDataAvroSsplitTokenize$  - Matched concepts: 6/6
2019-08-02 14:15:23 INFO  de.dfki.lt.spree.daystream.SmartDataAvroSsplitTokenize$  - Processing document [08f42c87b45a3109]
2019-08-02 14:15:23 INFO  de.dfki.lt.spree.daystream.SmartDataAvroSsplitTokenize$  - Matched concepts: 7/7
2019-08-02 14:15:23 INFO  de.dfki.lt.spree.daystream.SmartDataAvroSsplitTokenize$  - Processing document [10b4d84e96382b24]
2019-08-02 14:15:23 INFO  de.dfki.lt.spree.daystream.SmartDataAvroSsplitTokenize$  - Matched concepts: 5/5
2019-08-02 14:15:23 INFO  de.dfki.lt.spree.daystream.SmartDataAvroSsplitTokenize$  - Processing document [0b15431d985a3fd0]
2019-08-02 14:15:23 INFO  de.dfki.lt.spree.daystream.SmartDataAvroSsplitTokenize$  - Matched concepts: 6/6
2019-08-02 14:15:23 INFO  de.dfki.lt.spree.daystream.SmartDataAvroSsplitTokenize$  - Processing document [19fb2659af5e9d86]
2019-08-02 14:15:23 INFO  de.dfki.lt.spree.daystream.SmartDataAvroSsplitTokenize$  - Matched concepts: 5/5
2019-08-02 14:15:23 INFO  de.dfki.lt.spree.daystream.SmartDataAvroSsplitTokenize$  - Processing document [13aa00295e49cda8]
2019-08-02 14:15:23 INFO  de.dfki.lt.spree.daystream.SmartDataAvroSsplitTokenize$  - Matched concepts: 4/4
2019-08-02 14:15:23 INFO  de.dfki.lt.spree.daystream.SmartDataAvroSsplitTokenize$  - Processing document [11783d8f8c172e1d]
2019-08-02 14:15:23 INFO  de.dfki.lt.spree.daystream.SmartDataAvroSsplitTokenize$  - Matched concepts: 1/1
2019-08-02 14:15:23 INFO  de.dfki.lt.spree.daystream.SmartDataAvroSsplitTokenize$  - Processing document [0836126031644b1d]
2019-08-02 14:15:23 INFO  de.dfki.lt.spree.daystream.SmartDataAvroSsplitTokenize$  - Matched concepts: 7/7
2019-08-02 14:15:23 INFO  de.dfki.lt.spree.daystream.SmartDataAvroSsplitTokenize$  - Processing document [14e040007cfedc3b]
2019-08-02 14:15:23 INFO  de.dfki.lt.spree.daystream.SmartDataAvroSsplitTokenize$  - Matched concepts: 9/9
2019-08-02 14:15:23 INFO  de.dfki.lt.spree.daystream.SmartDataAvroSsplitTokenize$  - Processing document [04921dfbab28966e]
2019-08-02 14:15:23 INFO  de.dfki.lt.spree.daystream.SmartDataAvroSsplitTokenize$  - Matched concepts: 9/9
2019-08-02 14:15:23 INFO  de.dfki.lt.spree.daystream.SmartDataAvroSsplitTokenize$  - Processing document [044afa6e66f20139]
2019-08-02 14:15:24 INFO  de.dfki.lt.spree.daystream.SmartDataAvroSsplitTokenize$  - Matched concepts: 7/7
2019-08-02 14:15:24 INFO  de.dfki.lt.spree.daystream.SmartDataAvroSsplitTokenize$  - Processing document [0bedd86739cd5881]
2019-08-02 14:15:24 INFO  de.dfki.lt.spree.daystream.SmartDataAvroSsplitTokenize$  - Matched concepts: 2/2
2019-08-02 14:15:24 INFO  de.dfki.lt.spree.daystream.SmartDataAvroSsplitTokenize$  - Processing document [13da8a69ee9c49b0]
2019-08-02 14:15:24 INFO  de.dfki.lt.spree.daystream.SmartDataAvroSsplitTokenize$  - Matched concepts: 2/2
2019-08-02 14:15:24 INFO  de.dfki.lt.spree.daystream.SmartDataAvroSsplitTokenize$  - Processing document [03617ea697f3c396]
2019-08-02 14:15:24 INFO  de.dfki.lt.spree.daystream.SmartDataAvroSsplitTokenize$  - Matched concepts: 4/4
2019-08-02 14:15:24 INFO  de.dfki.lt.spree.daystream.SmartDataAvroSsplitTokenize$  - Processing document [1a2e764cd56ed15d]
2019-08-02 14:15:24 INFO  de.dfki.lt.spree.daystream.SmartDataAvroSsplitTokenize$  - Matched concepts: 6/6
2019-08-02 14:15:24 INFO  de.dfki.lt.spree.daystream.SmartDataAvroSsplitTokenize$  - Processing document [0df050edb52b753a]
2019-08-02 14:15:24 INFO  de.dfki.lt.spree.daystream.SmartDataAvroSsplitTokenize$  - Matched concepts: 7/7
2019-08-02 14:15:24 INFO  de.dfki.lt.spree.daystream.SmartDataAvroSsplitTokenize$  - Processing document [0526c30a4afb4c00]
2019-08-02 14:15:24 INFO  de.dfki.lt.spree.daystream.SmartDataAvroSsplitTokenize$  - Matched concepts: 3/3
2019-08-02 14:15:24 INFO  de.dfki.lt.spree.daystream.SmartDataAvroSsplitTokenize$  - Processing document [138866f3d4fe27ba]
2019-08-02 14:15:24 INFO  de.dfki.lt.spree.daystream.SmartDataAvroSsplitTokenize$  - Matched concepts: 10/10
2019-08-02 14:15:24 INFO  de.dfki.lt.spree.daystream.SmartDataAvroSsplitTokenize$  - Processing document [06c20fa2edec6553]
2019-08-02 14:15:24 INFO  de.dfki.lt.spree.daystream.SmartDataAvroSsplitTokenize$  - Matched concepts: 5/5
2019-08-02 14:15:24 INFO  de.dfki.lt.spree.daystream.SmartDataAvroSsplitTokenize$  - Processing document [058182bc32921175]
2019-08-02 14:15:24 INFO  de.dfki.lt.spree.daystream.SmartDataAvroSsplitTokenize$  - Matched concepts: 14/14
2019-08-02 14:15:24 INFO  de.dfki.lt.spree.daystream.SmartDataAvroSsplitTokenize$  - Processing document [0b2b9333dfd4db0a]
2019-08-02 14:15:24 INFO  de.dfki.lt.spree.daystream.SmartDataAvroSsplitTokenize$  - Matched concepts: 1/1
2019-08-02 14:15:24 INFO  de.dfki.lt.spree.daystream.SmartDataAvroSsplitTokenize$  - Processing document [05e9dc1da24d8f86]
2019-08-02 14:15:24 INFO  de.dfki.lt.spree.daystream.SmartDataAvroSsplitTokenize$  - Matched concepts: 23/23
2019-08-02 14:15:24 INFO  de.dfki.lt.spree.daystream.SmartDataAvroSsplitTokenize$  - Processing document [08b3cd7efd8c3aeb]
2019-08-02 14:15:24 INFO  de.dfki.lt.spree.daystream.SmartDataAvroSsplitTokenize$  - Matched concepts: 2/2
2019-08-02 14:15:24 INFO  de.dfki.lt.spree.daystream.SmartDataAvroSsplitTokenize$  - Processing document [09bb51c30811921f]
2019-08-02 14:15:24 INFO  de.dfki.lt.spree.daystream.SmartDataAvroSsplitTokenize$  - Matched concepts: 7/7
2019-08-02 14:15:24 INFO  de.dfki.lt.spree.daystream.SmartDataAvroSsplitTokenize$  - Processing document [0f8c1e0893b7effe]
2019-08-02 14:15:25 INFO  de.dfki.lt.spree.daystream.SmartDataAvroSsplitTokenize$  - Matched concepts: 8/8
2019-08-02 14:15:25 INFO  de.dfki.lt.spree.daystream.SmartDataAvroSsplitTokenize$  - Processing document [0cbecee0eefb8449]
2019-08-02 14:15:25 INFO  de.dfki.lt.spree.daystream.SmartDataAvroSsplitTokenize$  - Matched concepts: 1/1
2019-08-02 14:15:25 INFO  de.dfki.lt.spree.daystream.SmartDataAvroSsplitTokenize$  - Processing document [10deb8c87aefd780]
2019-08-02 14:15:25 INFO  de.dfki.lt.spree.daystream.SmartDataAvroSsplitTokenize$  - Matched concepts: 9/9
2019-08-02 14:15:25 INFO  de.dfki.lt.spree.daystream.SmartDataAvroSsplitTokenize$  - Processing document [0fccd368da224a00]
2019-08-02 14:15:25 INFO  de.dfki.lt.spree.daystream.SmartDataAvroSsplitTokenize$  - Matched concepts: 9/9
2019-08-02 14:15:25 INFO  de.dfki.lt.spree.daystream.SmartDataAvroSsplitTokenize$  - Processing document [007ffbbba53fc30d]
2019-08-02 14:15:25 INFO  de.dfki.lt.spree.daystream.SmartDataAvroSsplitTokenize$  - Matched concepts: 15/15
2019-08-02 14:15:25 INFO  de.dfki.lt.spree.daystream.SmartDataAvroSsplitTokenize$  - Processing document [076add14fd8b7c4b]
2019-08-02 14:15:25 INFO  de.dfki.lt.spree.daystream.SmartDataAvroSsplitTokenize$  - Matched concepts: 2/2
2019-08-02 14:15:25 INFO  de.dfki.lt.spree.daystream.SmartDataAvroSsplitTokenize$  - Processing document [0c7e9796e703b894]
2019-08-02 14:15:25 INFO  de.dfki.lt.spree.daystream.SmartDataAvroSsplitTokenize$  - Matched concepts: 4/4
2019-08-02 14:15:25 INFO  de.dfki.lt.spree.daystream.SmartDataAvroSsplitTokenize$  - Processing document [0fe5b7d77159ee25]
2019-08-02 14:15:25 INFO  de.dfki.lt.spree.daystream.SmartDataAvroSsplitTokenize$  - Matched concepts: 4/4
2019-08-02 14:15:25 INFO  de.dfki.lt.spree.daystream.SmartDataAvroSsplitTokenize$  - Processing document [1511809fd87d1b97]
2019-08-02 14:15:25 INFO  de.dfki.lt.spree.daystream.SmartDataAvroSsplitTokenize$  - Matched concepts: 3/3
2019-08-02 14:15:25 INFO  de.dfki.lt.spree.daystream.SmartDataAvroSsplitTokenize$  - Processing document [036154cfd7d01d18]
2019-08-02 14:15:25 INFO  de.dfki.lt.spree.daystream.SmartDataAvroSsplitTokenize$  - Matched concepts: 2/2
2019-08-02 14:15:25 INFO  de.dfki.lt.spree.daystream.SmartDataAvroSsplitTokenize$  - Processing document [13ec7a147a2096a6]
2019-08-02 14:15:25 INFO  de.dfki.lt.spree.daystream.SmartDataAvroSsplitTokenize$  - Matched concepts: 13/13
2019-08-02 14:15:25 INFO  de.dfki.lt.spree.daystream.SmartDataAvroSsplitTokenize$  - Processing document [1a8029ff6c7b483a]
2019-08-02 14:15:25 INFO  de.dfki.lt.spree.daystream.SmartDataAvroSsplitTokenize$  - Matched concepts: 5/5
2019-08-02 14:15:25 INFO  de.dfki.lt.spree.daystream.SmartDataAvroSsplitTokenize$  - Processing document [19afa4c601148e89]
2019-08-02 14:15:25 INFO  de.dfki.lt.spree.daystream.SmartDataAvroSsplitTokenize$  - Matched concepts: 0/0
2019-08-02 14:15:25 INFO  de.dfki.lt.spree.daystream.SmartDataAvroSsplitTokenize$  - Processing document [13e879a65bbad2ce]
2019-08-02 14:15:25 INFO  de.dfki.lt.spree.daystream.SmartDataAvroSsplitTokenize$  - Matched concepts: 4/4
2019-08-02 14:15:25 INFO  de.dfki.lt.spree.daystream.SmartDataAvroSsplitTokenize$  - Processing document [14c825631cb60df3]
2019-08-02 14:15:25 INFO  de.dfki.lt.spree.daystream.SmartDataAvroSsplitTokenize$  - Matched concepts: 6/6
2019-08-02 14:15:25 INFO  de.dfki.lt.spree.daystream.SmartDataAvroSsplitTokenize$  - Processing document [0fa442dc1bf22919]
2019-08-02 14:15:25 INFO  de.dfki.lt.spree.daystream.SmartDataAvroSsplitTokenize$  - Matched concepts: 5/5
2019-08-02 14:15:25 INFO  de.dfki.lt.spree.daystream.SmartDataAvroSsplitTokenize$  - Processing document [043c0a3cf486f515]
2019-08-02 14:15:25 INFO  de.dfki.lt.spree.daystream.SmartDataAvroSsplitTokenize$  - Matched concepts: 4/4
2019-08-02 14:15:25 INFO  de.dfki.lt.spree.daystream.SmartDataAvroSsplitTokenize$  - Processing document [049f29e640930ac2]
2019-08-02 14:15:25 INFO  de.dfki.lt.spree.daystream.SmartDataAvroSsplitTokenize$  - Matched concepts: 2/2
2019-08-02 14:15:25 INFO  de.dfki.lt.spree.daystream.SmartDataAvroSsplitTokenize$  - Processing document [153b3c3dd090f645]
2019-08-02 14:15:25 INFO  de.dfki.lt.spree.daystream.SmartDataAvroSsplitTokenize$  - Matched concepts: 5/5
2019-08-02 14:15:25 INFO  de.dfki.lt.spree.daystream.SmartDataAvroSsplitTokenize$  - Processing document [09d0d0e6cbbd671b]
2019-08-02 14:15:26 INFO  de.dfki.lt.spree.daystream.SmartDataAvroSsplitTokenize$  - Matched concepts: 12/12
2019-08-02 14:15:26 INFO  de.dfki.lt.spree.daystream.SmartDataAvroSsplitTokenize$  - Processing document [04e33d2afab1c8a0]
2019-08-02 14:15:26 INFO  de.dfki.lt.spree.daystream.SmartDataAvroSsplitTokenize$  - Matched concepts: 4/4
2019-08-02 14:15:26 INFO  de.dfki.lt.spree.daystream.SmartDataAvroSsplitTokenize$  - Processing document [064b56421ba5c0c5]
2019-08-02 14:15:26 INFO  de.dfki.lt.spree.daystream.SmartDataAvroSsplitTokenize$  - Matched concepts: 7/7
2019-08-02 14:15:26 INFO  de.dfki.lt.spree.daystream.SmartDataAvroSsplitTokenize$  - Processing document [1514837e8a69fb38]
2019-08-02 14:15:26 INFO  de.dfki.lt.spree.daystream.SmartDataAvroSsplitTokenize$  - Matched concepts: 15/15
2019-08-02 14:15:26 INFO  de.dfki.lt.spree.daystream.SmartDataAvroSsplitTokenize$  - Processing document [06c74165c36c6859]
2019-08-02 14:15:26 INFO  de.dfki.lt.spree.daystream.SmartDataAvroSsplitTokenize$  - Matched concepts: 5/5
2019-08-02 14:15:26 INFO  de.dfki.lt.spree.daystream.SmartDataAvroSsplitTokenize$  - Processing document [095aeebeeac4264d]
2019-08-02 14:15:27 WARN  de.dfki.lt.spree.daystream.SmartDataAvroSsplitTokenize$  - Couldn't find tokens for concept [Weinheim ( Bergstr ) Hbf/Ladenburg] in [Schienenersatzverkehr Weinheim (Bergstr) Hbf / Ladenburg  Heidelberg Hbf/ Mannheim Hbf ....  Schieneners]
2019-08-02 14:15:27 WARN  de.dfki.lt.spree.daystream.SmartDataAvroSsplitTokenize$  - Couldn't find tokens for concept [Weinheim ( Bergstr ) Hbf/Ladenburg] in [erg Hbf/ Mannheim Hbf ....  Schienenersatzverkehr Weinheim (Bergstr) Hbf / Ladenburg   Ausfall Bensheim / Weinheim (Bergstr) Hbf / N]
2019-08-02 14:15:27 WARN  de.dfki.lt.spree.daystream.SmartDataAvroSsplitTokenize$  - Couldn't find tokens for concept [Bensheim/Weinheim ( Bergstr ) Hbf/Neu-Edingen/Friedrichsfeld] in [kehr Weinheim (Bergstr) Hbf / Ladenburg   Ausfall Bensheim / Weinheim (Bergstr) Hbf / Neu-Edingen / Friedrichsfeld Heidelberg Hbf  kein Halt in Neu-Edingen / ]
2019-08-02 14:15:27 WARN  de.dfki.lt.spree.daystream.SmartDataAvroSsplitTokenize$  - Couldn't find tokens for concept [Neu-Edingen/Friedrichsfeld] in [gen / Friedrichsfeld Heidelberg Hbf  kein Halt in Neu-Edingen / Friedrichsfeld an mehreren Terminen  von Sonntag, 7. April, 1.]
2019-08-02 14:15:27 WARN  de.dfki.lt.spree.daystream.SmartDataAvroSsplitTokenize$  - Couldn't find tokens for concept [Heidelberg-Pfaffengrund/Wieblingen] in [busse zwischen Ladenburg und Heidelberg Hbf (über Heidelberg-Pfaffengrund / Wieblingen) sowie zwischen Ladenburg und Mannheim Hbf (übe]
2019-08-02 14:15:27 WARN  de.dfki.lt.spree.daystream.SmartDataAvroSsplitTokenize$  - Couldn't find tokens for concept [Mannheim-Seckenheim/RNV-Haltestelle Hochstätt] in [burg und Mannheim Hbf (über den S-Bahn-Haltepunkt Mannheim-Seckenheim / RNV-Haltestelle Hochstätt).  Die S-Bahnen der Linie S 6 (Bensheim – Mannh]
2019-08-02 14:15:27 WARN  de.dfki.lt.spree.daystream.SmartDataAvroSsplitTokenize$  - Couldn't find tokens for concept [Neu-Edingen/Friedrichsfeld] in [(Bensheim – Mannheim) sowie die Züge der RB 67 (Neu-Edingen / Friedrichsfeld – Mannheim) fallen auf dem gesamten Laufweg aus. ]
2019-08-02 14:15:27 WARN  de.dfki.lt.spree.daystream.SmartDataAvroSsplitTokenize$  - Couldn't find tokens for concept [Neu-Edingen/Friedrichsfeld] in [ Bauzeit sind keine Zug- oder Ersatzbushalte in Neu-Edingen / Friedrichsfeld möglich. Reisende von / nach Neu-Edingen / Friedr]
2019-08-02 14:15:27 WARN  de.dfki.lt.spree.daystream.SmartDataAvroSsplitTokenize$  - Couldn't find tokens for concept [Neu-Edingen/Friedrichsfeld] in [n / Friedrichsfeld möglich. Reisende von / nach Neu-Edingen / Friedrichsfeld nutzen bitte die S-Bahnen bis / ab Mannheim-Fried]
2019-08-02 14:15:27 WARN  de.dfki.lt.spree.daystream.SmartDataAvroSsplitTokenize$  - Couldn't find tokens for concept [Bensheim] in [) Sonderinformation zu dieser Meldung: Fahrplan Bensheim – Heidelberg / Mannheim 07.04. – 14.04.2019 (1579 k]
2019-08-02 14:15:27 WARN  de.dfki.lt.spree.daystream.SmartDataAvroSsplitTokenize$  - Couldn't find tokens for concept [Heidelberg/Mannheim] in [ormation zu dieser Meldung: Fahrplan Bensheim – Heidelberg / Mannheim 07.04. – 14.04.2019 (1579 kB) ------------------]
2019-08-02 14:15:27 INFO  de.dfki.lt.spree.daystream.SmartDataAvroSsplitTokenize$  - Matched concepts: 37/48
2019-08-02 14:15:27 INFO  de.dfki.lt.spree.daystream.SmartDataAvroSsplitTokenize$  - Processing document [1afdab74db287e3b]
2019-08-02 14:15:27 INFO  de.dfki.lt.spree.daystream.SmartDataAvroSsplitTokenize$  - Matched concepts: 1/1
2019-08-02 14:15:27 INFO  de.dfki.lt.spree.daystream.SmartDataAvroSsplitTokenize$  - Processing document [192d6a59fa67f392]
2019-08-02 14:15:27 INFO  de.dfki.lt.spree.daystream.SmartDataAvroSsplitTokenize$  - Matched concepts: 5/5
2019-08-02 14:15:27 INFO  de.dfki.lt.spree.daystream.SmartDataAvroSsplitTokenize$  - Processing document [04fe87ed6e7155cc]
2019-08-02 14:15:27 INFO  de.dfki.lt.spree.daystream.SmartDataAvroSsplitTokenize$  - Matched concepts: 4/4
2019-08-02 14:15:27 INFO  de.dfki.lt.spree.daystream.SmartDataAvroSsplitTokenize$  - Processing document [0d484f55bbefa1af]
2019-08-02 14:15:27 INFO  de.dfki.lt.spree.daystream.SmartDataAvroSsplitTokenize$  - Matched concepts: 8/8
2019-08-02 14:15:27 INFO  de.dfki.lt.spree.daystream.SmartDataAvroSsplitTokenize$  - Processing document [100fb64e12592e04]
2019-08-02 14:15:28 INFO  de.dfki.lt.spree.daystream.SmartDataAvroSsplitTokenize$  - Matched concepts: 6/6
2019-08-02 14:15:28 INFO  de.dfki.lt.spree.daystream.SmartDataAvroSsplitTokenize$  - Processing document [0171a80896ea4e0d]
2019-08-02 14:15:28 INFO  de.dfki.lt.spree.daystream.SmartDataAvroSsplitTokenize$  - Matched concepts: 12/12
2019-08-02 14:15:28 INFO  de.dfki.lt.spree.daystream.SmartDataAvroSsplitTokenize$  - Processing document [1571413e622834cd]
2019-08-02 14:15:28 INFO  de.dfki.lt.spree.daystream.SmartDataAvroSsplitTokenize$  - Matched concepts: 7/7
2019-08-02 14:15:28 INFO  de.dfki.lt.spree.daystream.SmartDataAvroSsplitTokenize$  - Processing document [19e8e22de5ca18bd]
2019-08-02 14:15:28 INFO  de.dfki.lt.spree.daystream.SmartDataAvroSsplitTokenize$  - Matched concepts: 5/5
2019-08-02 14:15:28 INFO  de.dfki.lt.spree.daystream.SmartDataAvroSsplitTokenize$  - Processing document [0eacdd2e3b2743fa]
2019-08-02 14:15:28 INFO  de.dfki.lt.spree.daystream.SmartDataAvroSsplitTokenize$  - Matched concepts: 9/9
2019-08-02 14:15:28 INFO  de.dfki.lt.spree.daystream.SmartDataAvroSsplitTokenize$  - Processing document [053876a5cfcce2e0]
2019-08-02 14:15:28 INFO  de.dfki.lt.spree.daystream.SmartDataAvroSsplitTokenize$  - Matched concepts: 8/8
2019-08-02 14:15:28 INFO  de.dfki.lt.spree.daystream.SmartDataAvroSsplitTokenize$  - Processing document [00cf04499e8501fb]
2019-08-02 14:15:28 INFO  de.dfki.lt.spree.daystream.SmartDataAvroSsplitTokenize$  - Matched concepts: 11/11
2019-08-02 14:15:28 INFO  de.dfki.lt.spree.daystream.SmartDataAvroSsplitTokenize$  - Total docs: 199
2019-08-02 14:15:28 INFO  de.dfki.lt.spree.daystream.SmartDataAvroSsplitTokenize$  - Matched concepts: 1341/1356
